<?xml version="1.0" encoding="UTF-8"?>
<!-- Generated by org.testng.reporters.JUnitXMLReporter -->
<testsuite ignored="0" hostname="DESKTOP-ETEC6QL" failures="3" tests="6" name="Demo1" time="0.15" errors="0" timestamp="2021-01-05T15:08:57 IST">
  <testcase classname="javado.Methods" name="log1" time="0.015"/>
  <testcase classname="javado.Methods" name="log2" time="0.006"/>
  <testcase classname="javado.Methods" name="log3" time="0.003"/>
  <testcase classname="javado.Methodoverloading" name="log" time="0.0">
    <failure type="org.testng.TestNGException" message="
Cannot inject @Test annotated Method [log] with [int, int].
For more information on native dependency injection please refer to https://testng.org/doc/documentation-main.html#native-dependency-injection">
      <![CDATA[org.testng.TestNGException: 
Cannot inject @Test annotated Method [log] with [int, int].
For more information on native dependency injection please refer to https://testng.org/doc/documentation-main.html#native-dependency-injection
at java.base/java.util.ArrayList.forEach(ArrayList.java:1511)
... Removed 26 stack frames]]>
    </failure>
  </testcase> <!-- log -->
  <testcase classname="javado.Methodoverloading" name="log1" time="0.0">
    <failure type="org.testng.TestNGException" message="
Cannot inject @Test annotated Method [log1] with [float, float].
For more information on native dependency injection please refer to https://testng.org/doc/documentation-main.html#native-dependency-injection">
      <![CDATA[org.testng.TestNGException: 
Cannot inject @Test annotated Method [log1] with [float, float].
For more information on native dependency injection please refer to https://testng.org/doc/documentation-main.html#native-dependency-injection
at java.base/java.util.ArrayList.forEach(ArrayList.java:1511)
... Removed 26 stack frames]]>
    </failure>
  </testcase> <!-- log1 -->
  <testcase classname="javado.Methodoverloading" name="log3" time="0.0">
    <failure type="org.testng.TestNGException" message="
Cannot inject @Test annotated Method [log3] with [double, double].
For more information on native dependency injection please refer to https://testng.org/doc/documentation-main.html#native-dependency-injection">
      <![CDATA[org.testng.TestNGException: 
Cannot inject @Test annotated Method [log3] with [double, double].
For more information on native dependency injection please refer to https://testng.org/doc/documentation-main.html#native-dependency-injection
at java.base/java.util.ArrayList.forEach(ArrayList.java:1511)
... Removed 26 stack frames]]>
    </failure>
  </testcase> <!-- log3 -->
</testsuite> <!-- Demo1 -->
