<?xml version="1.0" encoding="UTF-8"?>
<!-- Generated by org.testng.reporters.JUnitXMLReporter -->
<testsuite ignored="4" hostname="DESKTOP-ETEC6QL" failures="0" tests="4" name="DDDD" time="0.236" errors="0" timestamp="2020-12-24T20:28:45 IST">
  <testcase classname="testng.Grouping" name="apple" time="0.022"/>
  <testcase classname="testng.Grouping" name="apple1" time="0.005"/>
  <testcase classname="testng.Grouping" name="redme" time="0.003"/>
  <testcase classname="testng.Grouping" name="redme1" time="0.005"/>
  <testcase classname="testng.Grouping" name="VIVO1" time="0.0">
    <ignored/>
  </testcase> <!-- VIVO1 -->
  <testcase classname="testng.Grouping" name="realme" time="0.0">
    <ignored/>
  </testcase> <!-- realme -->
  <testcase classname="testng.Grouping" name="realme1" time="0.0">
    <ignored/>
  </testcase> <!-- realme1 -->
  <testcase classname="testng.Grouping" name="VIVO" time="0.0">
    <ignored/>
  </testcase> <!-- VIVO -->
</testsuite> <!-- DDDD -->
