<?xml version="1.0" encoding="UTF-8"?>
<!-- Generated by org.testng.reporters.JUnitXMLReporter -->
<testsuite ignored="0" hostname="DESKTOP-ETEC6QL" failures="0" tests="4" name="Logintest" time="71.758" errors="0" timestamp="2020-12-01T15:24:24 IST">
  <testcase classname="script.Correctpw" name="loginwithcorrectpw" time="24.223"/>
  <testcase classname="script.Correctun" name="loginwithcorrectuser" time="13.977"/>
  <testcase classname="script.Bothcrrct" name="loginwithbothcrt" time="21.258"/>
  <testcase classname="script.Bothincorrr" name="loginwithbothincrt" time="12.133"/>
</testsuite> <!-- Logintest -->
